<?xml version="1.0" encoding="UTF-8"?>
<testsuite xmlns:xsi="http://www.w3.org/2001/XMLSchema-instance" xsi:noNamespaceSchemaLocation="https://maven.apache.org/surefire/maven-surefire-plugin/xsd/surefire-test-report-3.0.xsd" version="3.0" name="com.example.gestion.GestionApplicationTests" time="8.888" tests="1" errors="0" skipped="0" failures="0">
  <properties>
[...]
</properties>
  <testcase name="contextLoads" classname="com.example.gestion.GestionApplicationTests" time="0.635">
    <system-out><![CDATA[06:09:29.891 [main] INFO org.springframework.test.context.support.AnnotationConfigContextLoaderUtils -- Could not detect default configuration classes for test class [com.example.gestion.GestionApplicationTests]: GestionApplicationTests does not declare any static, non-private, non-final, nested classes annotated with @Configuration.
06:09:30.025 [main] INFO org.springframework.boot.test.context.SpringBootTestContextBootstrapper -- Found @SpringBootConfiguration com.example.gestion.GestionApplication for test class com.example.gestion.GestionApplicationTests

  .   ____          _            __ _ _
 /\\ / ___'_ __ _ _(_)_ __  __ _ \ \ \ \
( ( )\___ | '_ | '_| | '_ \/ _` | \ \ \ \
 \\/  ___)| |_)| | | | | || (_| |  ) ) ) )
  '  |____| .__|_| |_|_| |_\__, | / / / /
 =========|_|==============|___/=/_/_/_/
 :: Spring Boot ::                (v3.2.1)

2025-12-14T06:09:30.598+03:00  INFO 4964 --- [           main] c.e.gestion.GestionApplicationTests      : Starting GestionApplicationTests using Java 21.0.9 with PID 4964 (started by Harena in D:\Cours\Gestion_Entreprise_Mr_Tovo\Gest_Entr)
2025-12-14T06:09:30.600+03:00  INFO 4964 --- [           main] c.e.gestion.GestionApplicationTests      : No active profile set, falling back to 1 default profile: "default"
2025-12-14T06:09:31.630+03:00  INFO 4964 --- [           main] .s.d.r.c.RepositoryConfigurationDelegate : Bootstrapping Spring Data JPA repositories in DEFAULT mode.
2025-12-14T06:09:31.820+03:00  INFO 4964 --- [           main] .s.d.r.c.RepositoryConfigurationDelegate : Finished Spring Data repository scanning in 179 ms. Found 29 JPA repository interfaces.
2025-12-14T06:09:32.644+03:00  INFO 4964 --- [           main] o.hibernate.jpa.internal.util.LogHelper  : HHH000204: Processing PersistenceUnitInfo [name: default]
2025-12-14T06:09:32.776+03:00  INFO 4964 --- [           main] org.hibernate.Version                    : HHH000412: Hibernate ORM core version 6.4.1.Final
2025-12-14T06:09:32.859+03:00  INFO 4964 --- [           main] o.h.c.internal.RegionFactoryInitiator    : HHH000026: Second-level cache disabled
2025-12-14T06:09:33.197+03:00  INFO 4964 --- [           main] o.s.o.j.p.SpringPersistenceUnitInfo      : No LoadTimeWeaver setup: ignoring JPA class transformer
2025-12-14T06:09:33.252+03:00  INFO 4964 --- [           main] com.zaxxer.hikari.HikariDataSource       : HikariPool-1 - Starting...
2025-12-14T06:09:33.524+03:00  INFO 4964 --- [           main] com.zaxxer.hikari.pool.HikariPool        : HikariPool-1 - Added connection conn0: url=jdbc:h2:mem:testdb user=SA
2025-12-14T06:09:33.530+03:00  INFO 4964 --- [           main] com.zaxxer.hikari.HikariDataSource       : HikariPool-1 - Start completed.
2025-12-14T06:09:33.577+03:00  WARN 4964 --- [           main] org.hibernate.orm.deprecation            : HHH90000025: H2Dialect does not need to be specified explicitly using 'hibernate.dialect' (remove the property setting and it will be selected by default)
2025-12-14T06:09:35.214+03:00  INFO 4964 --- [           main] o.h.e.t.j.p.i.JtaPlatformInitiator       : HHH000489: No JTA platform available (set 'hibernate.transaction.jta.platform' to enable JTA platform integration)
Hibernate: 
    drop table if exists annonce cascade 
Hibernate: 
    drop table if exists appreciation cascade 
Hibernate: 
    drop table if exists candidat cascade 
Hibernate: 
    drop table if exists choix cascade 
Hibernate: 
    drop table if exists contrat_essai cascade 
Hibernate: 
    drop table if exists departement cascade 
Hibernate: 
    drop table if exists diplome cascade 
Hibernate: 
    drop table if exists diplome_candidat cascade 
Hibernate: 
    drop table if exists entretien_1 cascade 
Hibernate: 
    drop table if exists entretien_2 cascade 
Hibernate: 
    drop table if exists etat_candidat cascade 
Hibernate: 
    drop table if exists evaluation_entretien_1 cascade 
Hibernate: 
    drop table if exists evaluation_entretien_2 cascade 
Hibernate: 
    drop table if exists filiere cascade 
Hibernate: 
    drop table if exists historique_etat cascade 
Hibernate: 
    drop table if exists lieu cascade 
Hibernate: 
    drop table if exists niveau cascade 
Hibernate: 
    drop table if exists parcours_professionel cascade 
Hibernate: 
    drop table if exists personnel cascade 
Hibernate: 
    drop table if exists poste cascade 
Hibernate: 
    drop table if exists profil cascade 
Hibernate: 
    drop table if exists profil_qcm cascade 
Hibernate: 
    drop table if exists qcm cascade 
Hibernate: 
    drop table if exists question cascade 
Hibernate: 
    drop table if exists question_generale cascade 
Hibernate: 
    drop table if exists reponse cascade 
Hibernate: 
    drop table if exists resultat_qcm cascade 
Hibernate: 
    drop table if exists role cascade 
Hibernate: 
    drop table if exists user_ cascade 
Hibernate: 
    create table annonce (
        id_annonce integer generated by default as identity,
        id_poste integer not null,
        id_profil integer not null,
        date_annonce timestamp(6),
        date_fin timestamp(6),
        responsabilite TEXT,
        primary key (id_annonce)
    )
Hibernate: 
    create table appreciation (
        id_appreciation integer generated by default as identity,
        note integer,
        libelle varchar(255),
        primary key (id_appreciation)
    )
Hibernate: 
    create table candidat (
        annee_experience integer,
        date_candidature date,
        date_naissance date,
        id_candidat integer generated by default as identity,
        id_etat_candidat integer,
        id_lieu integer,
        adresse varchar(255),
        competences_personnelles varchar(255),
        email varchar(255) unique,
        genre varchar(255),
        nom varchar(255),
        prenom varchar(255),
        telephone varchar(255),
        photo clob,
        primary key (id_candidat)
    )
Hibernate: 
    create table choix (
        est_correct boolean,
        id_choix integer generated by default as identity,
        id_question integer,
        id_question_generale integer,
        libelle varchar(255),
        primary key (id_choix)
    )
Hibernate: 
    create table contrat_essai (
        id_candidat integer unique,
        id_contrat_essai integer generated by default as identity,
        date_debut timestamp(6),
        date_fin timestamp(6),
        primary key (id_contrat_essai)
    )
Hibernate: 
    create table departement (
        id_departement integer generated by default as identity,
        departement varchar(255),
        primary key (id_departement)
    )
Hibernate: 
    create table diplome (
        id_diplome integer generated by default as identity,
        id_filiere integer,
        id_niveau integer not null,
        primary key (id_diplome)
    )
Hibernate: 
    create table diplome_candidat (
        annee_obtention integer,
        id_candidat integer,
        id_diplome integer,
        id_diplome_candidat integer generated by default as identity,
        etablissement varchar(255),
        primary key (id_diplome_candidat)
    )
Hibernate: 
    create table entretien_1 (
        date_entretien date,
        heure_entretien time(6),
        id_candidat integer not null,
        id_entretien_ integer generated by default as identity,
        id_user integer not null,
        primary key (id_entretien_)
    )
Hibernate: 
    create table entretien_2 (
        date_entretien date,
        heure_entretien time(6),
        id_entretien_ integer not null unique,
        id_entretien_2 integer generated by default as identity,
        id_user integer not null,
        primary key (id_entretien_2)
    )
Hibernate: 
    create table etat_candidat (
        id_etat_candidat integer generated by default as identity,
        libelle varchar(255) not null unique,
        primary key (id_etat_candidat)
    )
Hibernate: 
    create table evaluation_entretien_1 (
        id_appreciation integer unique,
        id_entretien_ integer unique,
        id_evaluation_entretien_1 integer generated by default as identity,
        presence boolean,
        primary key (id_evaluation_entretien_1)
    )
Hibernate: 
    create table evaluation_entretien_2 (
        id_appreciation integer unique,
        id_entretien_2 integer unique,
        id_evaluation_entretien_2 integer generated by default as identity,
        presence boolean,
        primary key (id_evaluation_entretien_2)
    )
Hibernate: 
    create table filiere (
        id_filiere integer generated by default as identity,
        libelle varchar(255),
        primary key (id_filiere)
    )
Hibernate: 
    create table historique_etat (
        id_candidat integer,
        id_etat_candidat integer,
        id_historique_etat integer generated by default as identity,
        date_changement varchar(255),
        primary key (id_historique_etat)
    )
Hibernate: 
    create table lieu (
        id_lieu integer generated by default as identity,
        lieu varchar(255),
        primary key (id_lieu)
    )
Hibernate: 
    create table niveau (
        id_niveau integer generated by default as identity,
        libelle varchar(50) not null,
        primary key (id_niveau)
    )
Hibernate: 
    create table parcours_professionel (
        date_debut date,
        date_fin date,
        id_candidat integer not null,
        id_parcours_professionel integer generated by default as identity,
        entreprise varchar(50),
        poste varchar(50),
        primary key (id_parcours_professionel)
    )
Hibernate: 
    create table personnel (
        actif boolean,
        id_candidat integer unique,
        id_personnel integer generated by default as identity,
        id_poste integer,
        date_embauche timestamp(6),
        primary key (id_personnel)
    )
Hibernate: 
    create table poste (
        id_departement integer,
        id_poste integer generated by default as identity,
        salaire integer,
        libelle varchar(255),
        primary key (id_poste)
    )
Hibernate: 
    create table profil (
        age integer,
        annee_experience integer,
        id_diplome integer,
        id_lieu integer,
        id_profil integer generated by default as identity,
        genre varchar(255),
        primary key (id_profil)
    )
Hibernate: 
    create table profil_qcm (
        id_profil integer not null,
        id_profil_qcm integer generated by default as identity,
        id_qcm integer not null,
        primary key (id_profil_qcm)
    )
Hibernate: 
    create table qcm (
        duree_minutes integer,
        id_poste integer not null,
        id_qcm integer generated by default as identity,
        description varchar(255),
        titre varchar(255),
        primary key (id_qcm)
    )
Hibernate: 
    create table question (
        id_qcm integer not null,
        id_question integer generated by default as identity,
        ordre integer,
        libelle varchar(255),
        primary key (id_question)
    )
Hibernate: 
    create table question_generale (
        id_question_generale integer generated by default as identity,
        ordre integer,
        libelle varchar(255),
        primary key (id_question_generale)
    )
Hibernate: 
    create table reponse (
        id_candidat integer,
        id_choix integer,
        id_reponse integer generated by default as identity,
        primary key (id_reponse)
    )
Hibernate: 
    create table resultat_qcm (
        bonnes_reponses integer,
        est_reussi boolean,
        id_candidat integer not null,
        id_qcm integer not null,
        id_resultat_qcm integer generated by default as identity,
        pourcentage float(53),
        total_questions integer,
        date_reponse timestamp(6),
        primary key (id_resultat_qcm)
    )
Hibernate: 
    create table role (
        id_role integer generated by default as identity,
        libelle varchar(255) not null unique,
        primary key (id_role)
    )
Hibernate: 
    create table user_ (
        id_departement integer,
        id_role integer,
        id_user integer generated by default as identity,
        mot_de_passe varchar(255),
        nom varchar(255),
        primary key (id_user)
    )
Hibernate: 
    alter table if exists annonce 
       add constraint FKj9bde6q89jkpvmobv97tp3svo 
       foreign key (id_poste) 
       references poste
Hibernate: 
    alter table if exists annonce 
       add constraint FKnf9srk6s7uf5dqa27ju7xlxyk 
       foreign key (id_profil) 
       references profil
Hibernate: 
    alter table if exists candidat 
       add constraint FKii1iwf1no5vbbmhqsn7dowmq5 
       foreign key (id_etat_candidat) 
       references etat_candidat
Hibernate: 
    alter table if exists candidat 
       add constraint FKqxusurigkhyl5tsn0ceaf8reh 
       foreign key (id_lieu) 
       references lieu
Hibernate: 
    alter table if exists choix 
       add constraint FKafj1k5qk4wgk6ddwrvxfvb3g7 
       foreign key (id_question) 
       references question
Hibernate: 
    alter table if exists choix 
       add constraint FKopiru6tugy5mvgfqu4wp218bu 
       foreign key (id_question_generale) 
       references question_generale
Hibernate: 
    alter table if exists contrat_essai 
       add constraint FK4avpte2kqmrr3wq05mw3pcltq 
       foreign key (id_candidat) 
       references candidat
Hibernate: 
    alter table if exists diplome 
       add constraint FK3l9s0up3jsaxbnw9uhmisbodw 
       foreign key (id_filiere) 
       references filiere
Hibernate: 
    alter table if exists diplome 
       add constraint FKgi9ect036prd8url5yeqhxmtu 
       foreign key (id_niveau) 
       references niveau
Hibernate: 
    alter table if exists diplome_candidat 
       add constraint FK50nlr0nofe2gp41s0f89uosab 
       foreign key (id_candidat) 
       references candidat
Hibernate: 
    alter table if exists diplome_candidat 
       add constraint FKt3vxnsfx46ltgannuc2sq6718 
       foreign key (id_diplome) 
       references diplome
Hibernate: 
    alter table if exists entretien_1 
       add constraint FKfxhtroaeji81pj8c7q9i8x56l 
       foreign key (id_candidat) 
       references candidat
Hibernate: 
    alter table if exists entretien_1 
       add constraint FKcom3ogs9da82e2xsxki1fxccf 
       foreign key (id_user) 
       references user_
Hibernate: 
    alter table if exists entretien_2 
       add constraint FKi2oqtmi9kfvfbj187vgq9533m 
       foreign key (id_entretien_) 
       references entretien_1
Hibernate: 
    alter table if exists entretien_2 
       add constraint FKbv5yvdbcspny78ulk7wko25wr 
       foreign key (id_user) 
       references user_
Hibernate: 
    alter table if exists evaluation_entretien_1 
       add constraint FK85pkydi3jlktw0jo51aciwys4 
       foreign key (id_appreciation) 
       references appreciation
Hibernate: 
    alter table if exists evaluation_entretien_1 
       add constraint FKcoeki9lfectwq9tu93h0lx5ki 
       foreign key (id_entretien_) 
       references entretien_1
Hibernate: 
    alter table if exists evaluation_entretien_2 
       add constraint FK2fpuqow13smpl2ih06cnqwuw1 
       foreign key (id_appreciation) 
       references appreciation
Hibernate: 
    alter table if exists evaluation_entretien_2 
       add constraint FKo5bte6b6mb2bpx54ylbbrmev 
       foreign key (id_entretien_2) 
       references entretien_2
Hibernate: 
    alter table if exists historique_etat 
       add constraint FK8el5wyi5jm5y0yrm02j40mrpw 
       foreign key (id_candidat) 
       references candidat
Hibernate: 
    alter table if exists historique_etat 
       add constraint FKss6j9egj7csxogo6bfg79m4ak 
       foreign key (id_etat_candidat) 
       references etat_candidat
Hibernate: 
    alter table if exists parcours_professionel 
       add constraint FK37dvsm2c85swxmhjobwcl21m 
       foreign key (id_candidat) 
       references candidat
Hibernate: 
    alter table if exists personnel 
       add constraint FK4gs3vl8rompfi8mwmsey6fh03 
       foreign key (id_candidat) 
       references candidat
Hibernate: 
    alter table if exists personnel 
       add constraint FKg1q0wyv1am3y5dy8n96wx732a 
       foreign key (id_poste) 
       references poste
Hibernate: 
    alter table if exists poste 
       add constraint FKiet8mntydkc624c7wkwd5upm5 
       foreign key (id_departement) 
       references departement
Hibernate: 
    alter table if exists profil 
       add constraint FK6y72f0mir0ivpikytc86r8td9 
       foreign key (id_diplome) 
       references diplome
Hibernate: 
    alter table if exists profil 
       add constraint FK7w7ufgc50jydwilcjq7h9whmj 
       foreign key (id_lieu) 
       references lieu
Hibernate: 
    alter table if exists profil_qcm 
       add constraint FKcut0eopsrdriw1v61wsigh3jr 
       foreign key (id_profil) 
       references profil
Hibernate: 
    alter table if exists profil_qcm 
       add constraint FKo793glmntanj1g2tarwuwr8it 
       foreign key (id_qcm) 
       references qcm
Hibernate: 
    alter table if exists qcm 
       add constraint FKi99wbevkxc8d7fddob2ixf81i 
       foreign key (id_poste) 
       references poste
Hibernate: 
    alter table if exists question 
       add constraint FK66agmsqv9pq29vllx9fyk1mnr 
       foreign key (id_qcm) 
       references qcm
Hibernate: 
    alter table if exists reponse 
       add constraint FKk5gqyoxvwttu7se45tarerje7 
       foreign key (id_candidat) 
       references candidat
Hibernate: 
    alter table if exists reponse 
       add constraint FKkc42vsyqehpptdpf4all15ikl 
       foreign key (id_choix) 
       references choix
Hibernate: 
    alter table if exists resultat_qcm 
       add constraint FK4pxor3g6rsubn8wjcpgqkg10k 
       foreign key (id_candidat) 
       references candidat
Hibernate: 
    alter table if exists resultat_qcm 
       add constraint FK5co6gbkrastk8vtnu1pwnjkmy 
       foreign key (id_qcm) 
       references qcm
Hibernate: 
    alter table if exists user_ 
       add constraint FKlup55w5pclc580swkv5uqtgbd 
       foreign key (id_departement) 
       references departement
Hibernate: 
    alter table if exists user_ 
       add constraint FKnihkot7y3nyjh26tlkbdwmlk8 
       foreign key (id_role) 
       references role
2025-12-14T06:09:35.367+03:00  INFO 4964 --- [           main] j.LocalContainerEntityManagerFactoryBean : Initialized JPA EntityManagerFactory for persistence unit 'default'
2025-12-14T06:09:35.923+03:00  INFO 4964 --- [           main] o.s.d.j.r.query.QueryEnhancerFactory     : Hibernate is in classpath; If applicable, HQL parser will be used.
2025-12-14T06:09:37.896+03:00  INFO 4964 --- [           main] c.e.gestion.GestionApplicationTests      : Started GestionApplicationTests in 7.685 seconds (process running for 8.983)
]]></system-out>
    <system-err><![CDATA[WARNING: A Java agent has been loaded dynamically (C:\Users\Harena\.m2\repository\net\bytebuddy\byte-buddy-agent\1.14.10\byte-buddy-agent-1.14.10.jar)
WARNING: If a serviceability tool is in use, please run with -XX:+EnableDynamicAgentLoading to hide this warning
WARNING: If a serviceability tool is not in use, please run with -Djdk.instrument.traceUsage for more information
WARNING: Dynamic loading of agents will be disallowed by default in a future release
]]></system-err>
  </testcase>
</testsuite>